Compilación iniciada a las 30/11/2016 19:35:51.
     1>Proyecto "C:\hlocal\EDA\closest\closest.vcxproj" en el nodo 2 (Build destinos).
     1>ClCompile:
         C:\software\programacion\MSVStudio2013\VC\bin\CL.exe /c /Zi /nologo /W3 /WX- /Od /Oy- /D WIN32 /D _DEBUG /D _WINDOWS /Gm /EHsc /RTC1 /MDd /GS /fp:precise /Zc:wchar_t /Zc:forScope /Fo"Debug\\" /Fd"Debug\vc120.pdb" /Gd /TC /analyze- /errorReport:prompt closest.c
         closest.c
     1>C:\software\programacion\MSVStudio2013\VC\include\xtgmath.h(214): warning C4602: #pragma pop_macro : 'new' no hay ninguna #pragma push_macro anterior para este identificador
     1>C:\software\programacion\MSVStudio2013\VC\include\xtgmath.h(215): warning C4193: #pragma warning(pop) : no hay '#pragma warning(push)' correspondiente
     1>C:\software\programacion\MSVStudio2013\VC\include\xtgmath.h(216): warning C4161: #pragma pack(pop...) : hay más elementos pop que push
     1>C:\software\programacion\MSVStudio2013\VC\include\cmath(23): error C2061: error de sintaxis : identificador 'abs'
     1>C:\software\programacion\MSVStudio2013\VC\include\cmath(23): error C2059: error de sintaxis : ';'
     1>C:\software\programacion\MSVStudio2013\VC\include\cmath(23): error C2061: error de sintaxis : identificador 'acos'
     1>C:\software\programacion\MSVStudio2013\VC\include\cmath(23): error C2061: error de sintaxis : identificador 'asin'
     1>C:\software\programacion\MSVStudio2013\VC\include\cmath(24): error C2061: error de sintaxis : identificador 'atan'
     1>C:\software\programacion\MSVStudio2013\VC\include\cmath(24): error C2059: error de sintaxis : ';'
     1>C:\software\programacion\MSVStudio2013\VC\include\cmath(24): error C2061: error de sintaxis : identificador 'atan2'
     1>C:\software\programacion\MSVStudio2013\VC\include\cmath(24): error C2061: error de sintaxis : identificador 'ceil'
     1>C:\software\programacion\MSVStudio2013\VC\include\cmath(25): error C2061: error de sintaxis : identificador 'cos'
     1>C:\software\programacion\MSVStudio2013\VC\include\cmath(25): error C2059: error de sintaxis : ';'
     1>C:\software\programacion\MSVStudio2013\VC\include\cmath(25): error C2061: error de sintaxis : identificador 'cosh'
     1>C:\software\programacion\MSVStudio2013\VC\include\cmath(25): error C2061: error de sintaxis : identificador 'exp'
     1>C:\software\programacion\MSVStudio2013\VC\include\cmath(26): error C2061: error de sintaxis : identificador 'fabs'
     1>C:\software\programacion\MSVStudio2013\VC\include\cmath(26): error C2059: error de sintaxis : ';'
     1>C:\software\programacion\MSVStudio2013\VC\include\cmath(26): error C2061: error de sintaxis : identificador 'floor'
     1>C:\software\programacion\MSVStudio2013\VC\include\cmath(26): error C2061: error de sintaxis : identificador 'fmod'
     1>C:\software\programacion\MSVStudio2013\VC\include\cmath(27): error C2061: error de sintaxis : identificador 'frexp'
     1>C:\software\programacion\MSVStudio2013\VC\include\cmath(27): error C2059: error de sintaxis : ';'
     1>C:\software\programacion\MSVStudio2013\VC\include\cmath(27): error C2061: error de sintaxis : identificador 'ldexp'
     1>C:\software\programacion\MSVStudio2013\VC\include\cmath(27): error C2061: error de sintaxis : identificador 'log'
     1>C:\software\programacion\MSVStudio2013\VC\include\cmath(28): error C2061: error de sintaxis : identificador 'log10'
     1>C:\software\programacion\MSVStudio2013\VC\include\cmath(28): error C2059: error de sintaxis : ';'
     1>C:\software\programacion\MSVStudio2013\VC\include\cmath(28): error C2061: error de sintaxis : identificador 'modf'
     1>C:\software\programacion\MSVStudio2013\VC\include\cmath(28): error C2061: error de sintaxis : identificador 'pow'
     1>C:\software\programacion\MSVStudio2013\VC\include\cmath(29): error C2061: error de sintaxis : identificador 'sin'
     1>C:\software\programacion\MSVStudio2013\VC\include\cmath(29): error C2059: error de sintaxis : ';'
     1>C:\software\programacion\MSVStudio2013\VC\include\cmath(29): error C2061: error de sintaxis : identificador 'sinh'
     1>C:\software\programacion\MSVStudio2013\VC\include\cmath(29): error C2061: error de sintaxis : identificador 'sqrt'
     1>C:\software\programacion\MSVStudio2013\VC\include\cmath(30): error C2061: error de sintaxis : identificador 'tan'
     1>C:\software\programacion\MSVStudio2013\VC\include\cmath(30): error C2059: error de sintaxis : ';'
     1>C:\software\programacion\MSVStudio2013\VC\include\cmath(30): error C2061: error de sintaxis : identificador 'tanh'
     1>C:\software\programacion\MSVStudio2013\VC\include\cmath(32): error C2061: error de sintaxis : identificador 'acosf'
     1>C:\software\programacion\MSVStudio2013\VC\include\cmath(32): error C2059: error de sintaxis : ';'
     1>C:\software\programacion\MSVStudio2013\VC\include\cmath(32): error C2061: error de sintaxis : identificador 'asinf'
     1>C:\software\programacion\MSVStudio2013\VC\include\cmath(33): error C2061: error de sintaxis : identificador 'atanf'
     1>C:\software\programacion\MSVStudio2013\VC\include\cmath(33): error C2059: error de sintaxis : ';'
     1>C:\software\programacion\MSVStudio2013\VC\include\cmath(33): error C2061: error de sintaxis : identificador 'atan2f'
     1>C:\software\programacion\MSVStudio2013\VC\include\cmath(33): error C2061: error de sintaxis : identificador 'ceilf'
     1>C:\software\programacion\MSVStudio2013\VC\include\cmath(34): error C2061: error de sintaxis : identificador 'cosf'
     1>C:\software\programacion\MSVStudio2013\VC\include\cmath(34): error C2059: error de sintaxis : ';'
     1>C:\software\programacion\MSVStudio2013\VC\include\cmath(34): error C2061: error de sintaxis : identificador 'coshf'
     1>C:\software\programacion\MSVStudio2013\VC\include\cmath(34): error C2061: error de sintaxis : identificador 'expf'
     1>C:\software\programacion\MSVStudio2013\VC\include\cmath(35): error C2061: error de sintaxis : identificador 'fabsf'
     1>C:\software\programacion\MSVStudio2013\VC\include\cmath(35): error C2059: error de sintaxis : ';'
     1>C:\software\programacion\MSVStudio2013\VC\include\cmath(35): error C2061: error de sintaxis : identificador 'floorf'
     1>C:\software\programacion\MSVStudio2013\VC\include\cmath(35): error C2061: error de sintaxis : identificador 'fmodf'
     1>C:\software\programacion\MSVStudio2013\VC\include\cmath(36): error C2061: error de sintaxis : identificador 'frexpf'
     1>C:\software\programacion\MSVStudio2013\VC\include\cmath(36): error C2059: error de sintaxis : ';'
     1>C:\software\programacion\MSVStudio2013\VC\include\cmath(36): error C2061: error de sintaxis : identificador 'ldexpf'
     1>C:\software\programacion\MSVStudio2013\VC\include\cmath(36): error C2061: error de sintaxis : identificador 'logf'
     1>C:\software\programacion\MSVStudio2013\VC\include\cmath(37): error C2061: error de sintaxis : identificador 'log10f'
     1>C:\software\programacion\MSVStudio2013\VC\include\cmath(37): error C2059: error de sintaxis : ';'
     1>C:\software\programacion\MSVStudio2013\VC\include\cmath(37): error C2061: error de sintaxis : identificador 'modff'
     1>C:\software\programacion\MSVStudio2013\VC\include\cmath(37): error C2061: error de sintaxis : identificador 'powf'
     1>C:\software\programacion\MSVStudio2013\VC\include\cmath(38): error C2061: error de sintaxis : identificador 'sinf'
     1>C:\software\programacion\MSVStudio2013\VC\include\cmath(38): error C2059: error de sintaxis : ';'
     1>C:\software\programacion\MSVStudio2013\VC\include\cmath(38): error C2061: error de sintaxis : identificador 'sinhf'
     1>C:\software\programacion\MSVStudio2013\VC\include\cmath(38): error C2061: error de sintaxis : identificador 'sqrtf'
     1>C:\software\programacion\MSVStudio2013\VC\include\cmath(39): error C2061: error de sintaxis : identificador 'tanf'
     1>C:\software\programacion\MSVStudio2013\VC\include\cmath(39): error C2059: error de sintaxis : ';'
     1>C:\software\programacion\MSVStudio2013\VC\include\cmath(39): error C2061: error de sintaxis : identificador 'tanhf'
     1>C:\software\programacion\MSVStudio2013\VC\include\cmath(41): error C2061: error de sintaxis : identificador 'acosl'
     1>C:\software\programacion\MSVStudio2013\VC\include\cmath(41): error C2059: error de sintaxis : ';'
     1>C:\software\programacion\MSVStudio2013\VC\include\cmath(41): error C2061: error de sintaxis : identificador 'asinl'
     1>C:\software\programacion\MSVStudio2013\VC\include\cmath(42): error C2061: error de sintaxis : identificador 'atanl'
     1>C:\software\programacion\MSVStudio2013\VC\include\cmath(42): error C2059: error de sintaxis : ';'
     1>C:\software\programacion\MSVStudio2013\VC\include\cmath(42): error C2061: error de sintaxis : identificador 'atan2l'
     1>C:\software\programacion\MSVStudio2013\VC\include\cmath(42): error C2061: error de sintaxis : identificador 'ceill'
     1>C:\software\programacion\MSVStudio2013\VC\include\cmath(43): error C2061: error de sintaxis : identificador 'cosl'
     1>C:\software\programacion\MSVStudio2013\VC\include\cmath(43): error C2059: error de sintaxis : ';'
     1>C:\software\programacion\MSVStudio2013\VC\include\cmath(43): error C2061: error de sintaxis : identificador 'coshl'
     1>C:\software\programacion\MSVStudio2013\VC\include\cmath(43): error C2061: error de sintaxis : identificador 'expl'
     1>C:\software\programacion\MSVStudio2013\VC\include\cmath(44): error C2061: error de sintaxis : identificador 'fabsl'
     1>C:\software\programacion\MSVStudio2013\VC\include\cmath(44): error C2059: error de sintaxis : ';'
     1>C:\software\programacion\MSVStudio2013\VC\include\cmath(44): error C2061: error de sintaxis : identificador 'floorl'
     1>C:\software\programacion\MSVStudio2013\VC\include\cmath(44): error C2061: error de sintaxis : identificador 'fmodl'
     1>C:\software\programacion\MSVStudio2013\VC\include\cmath(45): error C2061: error de sintaxis : identificador 'frexpl'
     1>C:\software\programacion\MSVStudio2013\VC\include\cmath(45): error C2059: error de sintaxis : ';'
     1>C:\software\programacion\MSVStudio2013\VC\include\cmath(45): error C2061: error de sintaxis : identificador 'ldexpl'
     1>C:\software\programacion\MSVStudio2013\VC\include\cmath(45): error C2061: error de sintaxis : identificador 'logl'
     1>C:\software\programacion\MSVStudio2013\VC\include\cmath(46): error C2061: error de sintaxis : identificador 'log10l'
     1>C:\software\programacion\MSVStudio2013\VC\include\cmath(46): error C2059: error de sintaxis : ';'
     1>C:\software\programacion\MSVStudio2013\VC\include\cmath(46): error C2061: error de sintaxis : identificador 'modfl'
     1>C:\software\programacion\MSVStudio2013\VC\include\cmath(46): error C2061: error de sintaxis : identificador 'powl'
     1>C:\software\programacion\MSVStudio2013\VC\include\cmath(47): error C2061: error de sintaxis : identificador 'sinl'
     1>C:\software\programacion\MSVStudio2013\VC\include\cmath(47): error C2059: error de sintaxis : ';'
     1>C:\software\programacion\MSVStudio2013\VC\include\cmath(47): error C2061: error de sintaxis : identificador 'sinhl'
     1>C:\software\programacion\MSVStudio2013\VC\include\cmath(47): error C2061: error de sintaxis : identificador 'sqrtl'
     1>C:\software\programacion\MSVStudio2013\VC\include\cmath(48): error C2061: error de sintaxis : identificador 'tanl'
     1>C:\software\programacion\MSVStudio2013\VC\include\cmath(48): error C2059: error de sintaxis : ';'
     1>C:\software\programacion\MSVStudio2013\VC\include\cmath(48): error C2061: error de sintaxis : identificador 'tanhl'
     1>C:\software\programacion\MSVStudio2013\VC\include\cmath(50): error C2054: se esperaba '(' a continuación de 'using'
     1>C:\software\programacion\MSVStudio2013\VC\include\cmath(50): error C2061: error de sintaxis : identificador 'using'
     1>C:\software\programacion\MSVStudio2013\VC\include\cmath(52): error C2061: error de sintaxis : identificador 'acosh'
     1>C:\software\programacion\MSVStudio2013\VC\include\cmath(52): error C2059: error de sintaxis : ';'
     1>C:\software\programacion\MSVStudio2013\VC\include\cmath(52): error C2061: error de sintaxis : identificador 'asinh'
     1>C:\software\programacion\MSVStudio2013\VC\include\cmath(52): error C2061: error de sintaxis : identificador 'atanh'
     1>C:\software\programacion\MSVStudio2013\VC\include\cmath(53): error C2061: error de sintaxis : identificador 'cbrt'
     1>C:\software\programacion\MSVStudio2013\VC\include\cmath(53): error C2059: error de sintaxis : ';'
     1>C:\software\programacion\MSVStudio2013\VC\include\cmath(53): error C2061: error de sintaxis : identificador 'erf'
     1>C:\software\programacion\MSVStudio2013\VC\include\cmath(53): error C2061: error de sintaxis : identificador 'erfc'
     1>C:\software\programacion\MSVStudio2013\VC\include\cmath(53): fatal error C1003: el recuento de errores supera 100; se detiene la compilación
     1>Compilación del proyecto terminada "C:\hlocal\EDA\closest\closest.vcxproj" (Build destinos) -- ERROR.

ERROR al compilar.

Tiempo transcurrido 00:00:00.09
